[2025-09-02T18:13:28.5113316Z] INFO: F# TranslationFiesta started
[2025-09-02T18:13:36.1798003Z] INFO: Status: Loaded Text: A.txt
[2025-09-02T18:13:36.1804937Z] INFO: Successfully imported file: C:\Users\fanph\Desktop\A.txt
[2025-09-02T18:13:38.8861086Z] DEBUG: UI disabled
[2025-09-02T18:13:38.8906795Z] DEBUG: Progress spinner enabled
[2025-09-02T18:13:38.8939365Z] INFO: Status: Translating to ja...
[2025-09-02T18:13:38.9032309Z] DEBUG: Unofficial translation: en -> ja -> there's a boy with a crooked smile,
my love repeating like these tiles,
sliding into the kitchen with style,
I feel like I flew a thousand miles,
because he loves me, because he loves me,
and I'm buzzing like a bee,
because he loves me, clear as the sea
and I'm not where I need to be,
I'm not too blind to sea,
because he loves me,
he loves me,
and I can think so clearly

sliding on these tiles,
wearing last summer's style,
my love repeats like these tiles
I flew a thousand miles
to see the boy with the crooked smile,
and even if it's just for a while,
it'll all be worthwhile

because he loves me,
(he loves me)
and I'm buzzing like a bee,
because he loves me,
(he loves me)
words said with sincerity,
(he loves me)
answering my plea,
he loves me,
clear as the sea



filler words
uh, um, uh buh
yeah, I know,
that's crazy
yeah, yeah, yeah,
that's good, I'm good, 
how are you? 
Oh, uh, um, 
um, um, uh buh,
wow,
that sucks,
uhhhhhhhhhhhhhhh....
oh!
uhhhhhhhhhhhhhh...
how are you?
(I'm fine)
Umm, uhhh,
that's cool, good job,
thank you,
have a nice day,
does it look like it's going to rain?
(dark clouds in the sky)
getting by,
please and thank you,
nice meeting you too,
i'll see


my car is so cool,
I love nothing more than working like a tool
I gotta keep up, buckle up, 
All my homies know wassup,
I can walk the talk and stomp you on the sidewalk
cause your ass can't say nothing but shlock
you're nothing but a another bitch to mock
all my homies know wassup,
cause my car is bigger than your gossip,
whatcha want? rumors and innuendo? 
fuck the crescendo, fuck your car
mine shines like a star,
feel my roar, that shit barely starts
yours can't go very far,
and people think you look gay,
but I exude masculinity,
the perfect image of heterosexuality, 
staying busy like a bee,
living life in the land of the free,
this is where I want to be,
my car is so cool,
I love nothing more than working like a tool, 
I gotta keep up, buckle up, buttercup
All my homies know wassup,
yeah, I can walk the talk and stomp you on the sidewalk
[2025-09-02T18:13:39.1326887Z] INFO: Unofficial translation successful: 1370 chars
[2025-09-02T18:13:39.1942691Z] INFO: Status: Translating back to English...
[2025-09-02T18:13:39.1952662Z] DEBUG: Unofficial translation: ja -> en -> 曲がった笑顔を持つ男の子がいます、
これらのタイルのように繰り返される私の愛、
スタイルでキッチンに滑り込む、
私は千マイルを飛んだような気がします、
彼は私を愛しているから、彼は私を愛しているから、
そして、私は蜂のように賑やかです、
彼は私を愛しているので、海のようにはっきりと
そして、私は私がいる必要がある場所ではありません、
私は海にあまり盲目ではありません、
彼は私を愛しているので、
彼は私を愛しています、
そして、私はとてもはっきりと考えることができます

これらのタイルをスライドさせ、
昨年の夏のスタイルを着て、
私の愛はこれらのタイルのように繰り返されます
私は千マイルを飛んだ
曲がった笑顔で少年を見るために、
しばらくの間であっても、
それはすべて価値があります

彼は私を愛しているので、
（彼は私を愛しています）
そして、私は蜂のように賑やかです、
彼は私を愛しているので、
（彼は私を愛しています）
言葉は誠実に言った、
（彼は私を愛しています）
私の嘆願に答える、
彼は私を愛しています、
海のようにクリア



フィラーワード
ええと、ええと、ええと
ええ、私は知っています、
それはクレイジーです
ええ、ええ、ええ、
それはいいです、私は元気です、 
元気ですか？ 
ああ、ええと、ええと、 
ええと、ええと、ええと、
おお、
それは吸う、
uhhhhhhhhhhhhhh ....
おお！
uhhhhhhhhhhhhh ...
元気ですか？
（元気です）
うーん、うーん、
それはクールで良い仕事です、
ありがとう、
良い１日を、
雨が降るように見えますか？
（空の暗い雲）
通り抜ける、
お願いします、ありがとうございます
お会いできてうれしいです、
わかります


私の車はとても涼しいです、
私はツールのように働くこと以外に何も愛していません
私は追いつく必要があります、バックルアップ、 
私の相棒はすべてwassupを知っています、
私は話を歩いて歩道であなたを踏みつけることができます
あなたのお尻がshlock以外に何も言えないからです
あなたはock笑する別の雌犬に他なりません
私の相棒はすべてwassupを知っています、
私の車はあなたのゴシップよりも大きいので、
何が欲しいの？噂と暗示？ 
クレッシェンドをファックして、あなたの車をファックしてください
私は星のように輝いています、
私のro音を感じてください、そのたわごとはかろうじて始まります
あなたはそれほど遠くに行けない、
そして人々はあなたが同性愛者に見えると思います、
しかし、私は男らしさを滲み出させます、
異性愛の完璧なイメージ、 
蜂のように忙しくしている、
自由の土地での生活、
これは私がなりたい場所です、
私の車はとても涼しいです、
私はツールのように働くこと以外に何も愛していません、 
私は追いつく必要があります、バター、バターカップ
私の相棒はすべてwassupを知っています、
ええ、私は話をして歩道であなたを踏みつけます
[2025-09-02T18:13:39.2646817Z] INFO: Unofficial translation successful: 2037 chars
[2025-09-02T18:13:39.2689676Z] INFO: Status: Backtranslation complete!
[2025-09-02T18:13:39.2723840Z] INFO: Backtranslation completed successfully: 2131 -> 1370 -> 2037 chars
[2025-09-02T18:13:39.2787455Z] DEBUG: UI enabled
[2025-09-02T18:13:39.2807690Z] DEBUG: Progress spinner disabled
[2025-09-02T18:17:47.5665222Z] INFO: F# TranslationFiesta started
[2025-09-02T18:17:58.8979072Z] INFO: Status: Dark mode enabled
[2025-09-04T21:26:14.4720065Z] INFO: F# TranslationFiesta started
[2025-09-04T21:27:09.5865836Z] INFO: Status: Dark mode enabled
